2024-04-17 00:29:18,614 - INFO - Running demo app
2024-04-17 00:29:18,636 - INFO - Request URL: 'https://260025lab6.documents.azure.com:443/'
Request method: 'GET'
Request headers:
    'Cache-Control': 'no-cache'
    'x-ms-version': '2018-12-31'
    'x-ms-documentdb-query-iscontinuationexpected': 'False'
    'x-ms-date': 'Tue, 16 Apr 2024 22:29:18 GMT'
    'authorization': 'REDACTED'
    'Accept': 'application/json'
    'Content-Length': '0'
    'User-Agent': 'CosmosDBPythonQuickstart'
No body was attached to the request
2024-04-17 00:29:18,769 - INFO - Response status: 200
Response headers:
    'Cache-Control': 'no-store, no-cache'
    'Pragma': 'REDACTED'
    'Transfer-Encoding': 'chunked'
    'Content-Type': 'application/json'
    'Content-Location': 'https://260025lab6.documents.azure.com/'
    'Server': 'Microsoft-HTTPAPI/2.0'
    'x-ms-max-media-storage-usage-mb': '2048'
    'x-ms-media-storage-usage-mb': '0'
    'x-ms-databaseaccount-consumed-mb': 'REDACTED'
    'x-ms-databaseaccount-reserved-mb': 'REDACTED'
    'x-ms-databaseaccount-provisioned-mb': 'REDACTED'
    'Strict-Transport-Security': 'max-age=31536000'
    'x-ms-gatewayversion': 'version=2.14.0'
    'Date': 'Tue, 16 Apr 2024 22:29:16 GMT'
2024-04-17 00:29:18,769 - INFO - Elapsed time in seconds: 0.13317561149597168
2024-04-17 00:29:18,770 - INFO - Request URL: 'https://260025lab6-polandcentral.documents.azure.com:443/dbs'
Request method: 'POST'
Request headers:
    'Cache-Control': 'no-cache'
    'x-ms-version': '2018-12-31'
    'x-ms-documentdb-query-iscontinuationexpected': 'False'
    'x-ms-consistency-level': 'Session'
    'x-ms-date': 'Tue, 16 Apr 2024 22:29:18 GMT'
    'authorization': 'REDACTED'
    'Content-Type': 'application/json'
    'Accept': 'application/json'
    'Content-Length': '17'
    'User-Agent': 'CosmosDBPythonQuickstart azsdk-python-cosmos/4.3.1 Python/3.11.8 (Linux-5.15.146.1-microsoft-standard-WSL2-x86_64-with-glibc2.35)'
A body is sent with the request
2024-04-17 00:29:18,956 - INFO - Response status: 201
Response headers:
    'Cache-Control': 'no-store, no-cache'
    'Pragma': 'REDACTED'
    'Transfer-Encoding': 'chunked'
    'Content-Type': 'application/json'
    'Server': 'Microsoft-HTTPAPI/2.0'
    'Strict-Transport-Security': 'max-age=31536000'
    'x-ms-activity-id': '01820897-8e7d-48ad-96ee-503d79af702e'
    'x-ms-last-state-change-utc': 'Sun, 14 Apr 2024 12:55:09.444 GMT'
    'etag': '"0000eb04-0000-5600-0000-661efbbd0000"'
    'x-ms-resource-quota': 'REDACTED'
    'x-ms-resource-usage': 'REDACTED'
    'x-ms-schemaversion': '1.17'
    'lsn': '90'
    'x-ms-request-charge': '4.95'
    'x-ms-quorum-acked-lsn': '89'
    'x-ms-current-write-quorum': '3'
    'x-ms-current-replica-set-size': '4'
    'x-ms-xp-role': '1'
    'x-ms-global-Committed-lsn': '89'
    'x-ms-number-of-read-regions': '0'
    'x-ms-transport-request-id': '767922'
    'x-ms-cosmos-llsn': '90'
    'x-ms-cosmos-quorum-acked-llsn': '89'
    'x-ms-session-token': '0:-1#90'
    'x-ms-request-duration-ms': '17.825'
    'x-ms-serviceversion': 'version=2.14.0.0'
    'x-ms-gatewayversion': 'version=2.14.0'
    'Date': 'Tue, 16 Apr 2024 22:29:17 GMT'
2024-04-17 00:29:18,956 - INFO - Elapsed time in seconds: 0.18590450286865234
2024-04-17 00:29:18,956 - INFO - Database with id 'ToDoList' created
2024-04-17 00:29:18,956 - INFO - Request URL: 'https://260025lab6-polandcentral.documents.azure.com:443/dbs/ToDoList/colls/'
Request method: 'POST'
Request headers:
    'Cache-Control': 'no-cache'
    'x-ms-version': '2018-12-31'
    'x-ms-documentdb-query-iscontinuationexpected': 'False'
    'x-ms-consistency-level': 'Session'
    'x-ms-date': 'Tue, 16 Apr 2024 22:29:18 GMT'
    'authorization': 'REDACTED'
    'Content-Type': 'application/json'
    'Accept': 'application/json'
    'Content-Length': '83'
    'User-Agent': 'CosmosDBPythonQuickstart azsdk-python-cosmos/4.3.1 Python/3.11.8 (Linux-5.15.146.1-microsoft-standard-WSL2-x86_64-with-glibc2.35)'
A body is sent with the request
2024-04-17 00:29:19,466 - INFO - Response status: 201
Response headers:
    'Cache-Control': 'no-store, no-cache'
    'Pragma': 'REDACTED'
    'Transfer-Encoding': 'chunked'
    'Content-Type': 'application/json'
    'Server': 'Microsoft-HTTPAPI/2.0'
    'Strict-Transport-Security': 'max-age=31536000'
    'x-ms-activity-id': '68aaac0e-c072-4ba7-8485-5d359103483c'
    'x-ms-last-state-change-utc': 'Tue, 16 Apr 2024 21:05:08.442 GMT'
    'etag': '"0000ed04-0000-5600-0000-661efbbe0000"'
    'x-ms-schemaversion': '1.17'
    'collection-partition-index': 'REDACTED'
    'collection-service-index': 'REDACTED'
    'lsn': '1'
    'x-ms-request-charge': '1'
    'x-ms-alt-content-path': 'dbs/ToDoList'
    'x-ms-quorum-acked-lsn': '1'
    'x-ms-current-write-quorum': '3'
    'x-ms-current-replica-set-size': '4'
    'x-ms-documentdb-partitionkeyrangeid': '0'
    'x-ms-xp-role': '1'
    'x-ms-global-Committed-lsn': '1'
    'x-ms-number-of-read-regions': '0'
    'x-ms-item-lsn': 'REDACTED'
    'x-ms-transport-request-id': '5051'
    'x-ms-cosmos-llsn': '1'
    'x-ms-cosmos-quorum-acked-llsn': '1'
    'x-ms-cosmos-item-llsn': 'REDACTED'
    'x-ms-session-token': '0:-1#1'
    'x-ms-request-duration-ms': '19.901'
    'x-ms-serviceversion': 'version=2.14.0.0'
    'x-ms-cosmos-physical-partition-id': 'REDACTED'
    'x-ms-cosmos-max-content-length': 'REDACTED'
    'x-ms-gatewayversion': 'version=2.14.0'
    'Date': 'Tue, 16 Apr 2024 22:29:18 GMT'
2024-04-17 00:29:19,467 - INFO - Elapsed time in seconds: 0.5102591514587402
2024-04-17 00:29:19,467 - INFO - Container with id 'Items' created
2024-04-17 00:29:19,467 - INFO - 
Scaling Container

2024-04-17 00:29:19,467 - INFO - Request URL: 'https://260025lab6-polandcentral.documents.azure.com:443/offers'
Request method: 'POST'
Request headers:
    'Cache-Control': 'no-cache'
    'x-ms-version': '2018-12-31'
    'x-ms-documentdb-query-iscontinuationexpected': 'False'
    'x-ms-consistency-level': 'Session'
    'x-ms-documentdb-isquery': 'true'
    'Content-Type': 'application/query+json'
    'x-ms-date': 'Tue, 16 Apr 2024 22:29:19 GMT'
    'authorization': 'REDACTED'
    'Accept': 'application/json'
    'Content-Length': '130'
    'User-Agent': 'CosmosDBPythonQuickstart azsdk-python-cosmos/4.3.1 Python/3.11.8 (Linux-5.15.146.1-microsoft-standard-WSL2-x86_64-with-glibc2.35)'
A body is sent with the request
2024-04-17 00:29:19,489 - INFO - Response status: 400
Response headers:
    'Transfer-Encoding': 'chunked'
    'Content-Type': 'application/json'
    'Server': 'Microsoft-HTTPAPI/2.0'
    'x-ms-activity-id': '10489476-0100-4543-bc0b-3cd651f1e633'
    'Strict-Transport-Security': 'max-age=31536000'
    'x-ms-gatewayversion': 'version=2.14.0'
    'Date': 'Tue, 16 Apr 2024 22:29:18 GMT'
2024-04-17 00:29:19,489 - INFO - Elapsed time in seconds: 0.021518230438232422
2024-04-17 00:29:19,489 - INFO - Response error message: 'Reading or replacing offers is not supported for serverless accounts. \nActivityId: 10489476-0100-4543-bc0b-3cd651f1e633, Microsoft.Azure.Documents.Common/2.14.0'
2024-04-17 00:29:19,489 - INFO - Cannot read container throuthput.
2024-04-17 00:29:19,489 - INFO - {"code":"BadRequest","message":"Reading or replacing offers is not supported for serverless accounts.\r\nActivityId: 10489476-0100-4543-bc0b-3cd651f1e633, Microsoft.Azure.Documents.Common/2.14.0"}
2024-04-17 00:29:19,489 - INFO - 
Creating Items

2024-04-17 00:29:19,489 - INFO - 
Creating Items1

2024-04-17 00:29:19,490 - INFO - Request URL: 'https://260025lab6-polandcentral.documents.azure.com:443/dbs/ToDoList/colls/Items/'
Request method: 'GET'
Request headers:
    'Cache-Control': 'no-cache'
    'x-ms-version': '2018-12-31'
    'x-ms-documentdb-query-iscontinuationexpected': 'False'
    'x-ms-consistency-level': 'Session'
    'x-ms-date': 'Tue, 16 Apr 2024 22:29:19 GMT'
    'authorization': 'REDACTED'
    'Accept': 'application/json'
    'Content-Length': '0'
    'User-Agent': 'CosmosDBPythonQuickstart azsdk-python-cosmos/4.3.1 Python/3.11.8 (Linux-5.15.146.1-microsoft-standard-WSL2-x86_64-with-glibc2.35)'
No body was attached to the request
2024-04-17 00:29:19,555 - INFO - Response status: 200
Response headers:
    'Cache-Control': 'no-store, no-cache'
    'Pragma': 'REDACTED'
    'Transfer-Encoding': 'chunked'
    'Content-Type': 'application/json'
    'Content-Location': 'https://260025lab6-polandcentral.documents.azure.com/dbs/ToDoList/colls/Items/'
    'Server': 'Microsoft-HTTPAPI/2.0'
    'Strict-Transport-Security': 'max-age=31536000'
    'x-ms-activity-id': '96254346-6e59-47c7-851d-46db8c45bef3'
    'x-ms-last-state-change-utc': 'Tue, 16 Apr 2024 21:05:17.835 GMT'
    'etag': '"0000ed04-0000-5600-0000-661efbbe0000"'
    'x-ms-schemaversion': '1.17'
    'collection-partition-index': 'REDACTED'
    'collection-service-index': 'REDACTED'
    'lsn': '1'
    'x-ms-request-charge': '2'
    'x-ms-alt-content-path': 'dbs/ToDoList'
    'x-ms-content-path': 'REDACTED'
    'x-ms-documentdb-partitionkeyrangeid': '0'
    'x-ms-xp-role': '1'
    'x-ms-global-Committed-lsn': '1'
    'x-ms-number-of-read-regions': '0'
    'x-ms-item-lsn': 'REDACTED'
    'x-ms-transport-request-id': '18957'
    'x-ms-cosmos-llsn': '1'
    'x-ms-cosmos-item-llsn': 'REDACTED'
    'x-ms-session-token': '0:-1#1'
    'x-ms-request-duration-ms': '20.705'
    'x-ms-serviceversion': 'version=2.14.0.0'
    'x-ms-cosmos-physical-partition-id': 'REDACTED'
    'x-ms-cosmos-max-content-length': 'REDACTED'
    'x-ms-gatewayversion': 'version=2.14.0'
    'Date': 'Tue, 16 Apr 2024 22:29:18 GMT'
2024-04-17 00:29:19,556 - INFO - Elapsed time in seconds: 0.0661153793334961
2024-04-17 00:29:19,556 - INFO - Request URL: 'https://260025lab6-polandcentral.documents.azure.com:443/dbs/ToDoList/colls/Items/docs/'
Request method: 'POST'
Request headers:
    'Cache-Control': 'no-cache'
    'x-ms-version': '2018-12-31'
    'x-ms-documentdb-query-iscontinuationexpected': 'False'
    'x-ms-consistency-level': 'Session'
    'x-ms-session-token': '0:-1#1'
    'x-ms-documentdb-partitionkey': '["Account1"]'
    'x-ms-date': 'Tue, 16 Apr 2024 22:29:19 GMT'
    'authorization': 'REDACTED'
    'Content-Type': 'application/json'
    'Accept': 'application/json'
    'Content-Length': '307'
    'User-Agent': 'CosmosDBPythonQuickstart azsdk-python-cosmos/4.3.1 Python/3.11.8 (Linux-5.15.146.1-microsoft-standard-WSL2-x86_64-with-glibc2.35)'
A body is sent with the request
2024-04-17 00:29:19,588 - INFO - Response status: 201
Response headers:
    'Cache-Control': 'no-store, no-cache'
    'Pragma': 'REDACTED'
    'Transfer-Encoding': 'chunked'
    'Content-Type': 'application/json'
    'Server': 'Microsoft-HTTPAPI/2.0'
    'Strict-Transport-Security': 'max-age=31536000'
    'x-ms-activity-id': '8c9fb18c-7ee9-4427-89b4-5eb419b03a6a'
    'x-ms-last-state-change-utc': 'Tue, 16 Apr 2024 21:05:08.442 GMT'
    'etag': '"0000a22d-0000-5600-0000-661efbbe0000"'
    'x-ms-resource-quota': 'REDACTED'
    'x-ms-resource-usage': 'REDACTED'
    'x-ms-schemaversion': '1.17'
    'lsn': '2'
    'x-ms-request-charge': '10.86'
    'x-ms-alt-content-path': 'dbs/ToDoList/colls/Items'
    'x-ms-content-path': 'REDACTED'
    'x-ms-quorum-acked-lsn': '1'
    'x-ms-current-write-quorum': '3'
    'x-ms-current-replica-set-size': '4'
    'x-ms-documentdb-partitionkeyrangeid': '0'
    'x-ms-xp-role': '1'
    'x-ms-global-Committed-lsn': '1'
    'x-ms-number-of-read-regions': '0'
    'x-ms-transport-request-id': '5052'
    'x-ms-cosmos-llsn': '2'
    'x-ms-cosmos-quorum-acked-llsn': '1'
    'x-ms-session-token': '0:-1#2'
    'x-ms-request-duration-ms': '4.745'
    'x-ms-serviceversion': 'version=2.14.0.0'
    'x-ms-cosmos-physical-partition-id': 'REDACTED'
    'x-ms-gatewayversion': 'version=2.14.0'
    'Date': 'Tue, 16 Apr 2024 22:29:18 GMT'
2024-04-17 00:29:19,588 - INFO - Elapsed time in seconds: 0.031172752380371094
2024-04-17 00:29:19,588 - INFO - 
Creating Items2

2024-04-17 00:29:19,589 - INFO - Request URL: 'https://260025lab6-polandcentral.documents.azure.com:443/dbs/ToDoList/colls/Items/docs/'
Request method: 'POST'
Request headers:
    'Cache-Control': 'no-cache'
    'x-ms-version': '2018-12-31'
    'x-ms-documentdb-query-iscontinuationexpected': 'False'
    'x-ms-consistency-level': 'Session'
    'x-ms-session-token': '0:-1#2'
    'x-ms-documentdb-partitionkey': '["Account2"]'
    'x-ms-date': 'Tue, 16 Apr 2024 22:29:19 GMT'
    'authorization': 'REDACTED'
    'Content-Type': 'application/json'
    'Accept': 'application/json'
    'Content-Length': '482'
    'User-Agent': 'CosmosDBPythonQuickstart azsdk-python-cosmos/4.3.1 Python/3.11.8 (Linux-5.15.146.1-microsoft-standard-WSL2-x86_64-with-glibc2.35)'
A body is sent with the request
2024-04-17 00:29:19,619 - INFO - Response status: 201
Response headers:
    'Cache-Control': 'no-store, no-cache'
    'Pragma': 'REDACTED'
    'Transfer-Encoding': 'chunked'
    'Content-Type': 'application/json'
    'Server': 'Microsoft-HTTPAPI/2.0'
    'Strict-Transport-Security': 'max-age=31536000'
    'x-ms-activity-id': 'af9b63a8-3b3e-4604-a716-f71337c9a5bb'
    'x-ms-last-state-change-utc': 'Tue, 16 Apr 2024 21:05:08.442 GMT'
    'etag': '"0000a32d-0000-5600-0000-661efbbe0000"'
    'x-ms-resource-quota': 'REDACTED'
    'x-ms-resource-usage': 'REDACTED'
    'x-ms-schemaversion': '1.17'
    'lsn': '3'
    'x-ms-request-charge': '13.14'
    'x-ms-alt-content-path': 'dbs/ToDoList/colls/Items'
    'x-ms-content-path': 'REDACTED'
    'x-ms-quorum-acked-lsn': '2'
    'x-ms-current-write-quorum': '3'
    'x-ms-current-replica-set-size': '4'
    'x-ms-documentdb-partitionkeyrangeid': '0'
    'x-ms-xp-role': '1'
    'x-ms-global-Committed-lsn': '2'
    'x-ms-number-of-read-regions': '0'
    'x-ms-transport-request-id': '5053'
    'x-ms-cosmos-llsn': '3'
    'x-ms-cosmos-quorum-acked-llsn': '2'
    'x-ms-session-token': '0:-1#3'
    'x-ms-request-duration-ms': '4.528'
    'x-ms-serviceversion': 'version=2.14.0.0'
    'x-ms-cosmos-physical-partition-id': 'REDACTED'
    'x-ms-gatewayversion': 'version=2.14.0'
    'Date': 'Tue, 16 Apr 2024 22:29:18 GMT'
2024-04-17 00:29:19,619 - INFO - Elapsed time in seconds: 0.03009939193725586
2024-04-17 00:29:19,619 - INFO - 
Creating Items3

2024-04-17 00:29:19,620 - INFO - Request URL: 'https://260025lab6-polandcentral.documents.azure.com:443/dbs/ToDoList/colls/Items/docs/'
Request method: 'POST'
Request headers:
    'Cache-Control': 'no-cache'
    'x-ms-version': '2018-12-31'
    'x-ms-documentdb-query-iscontinuationexpected': 'False'
    'x-ms-consistency-level': 'Session'
    'x-ms-session-token': '0:-1#3'
    'x-ms-documentdb-partitionkey': '["Account2"]'
    'x-ms-date': 'Tue, 16 Apr 2024 22:29:19 GMT'
    'authorization': 'REDACTED'
    'Content-Type': 'application/json'
    'Accept': 'application/json'
    'Content-Length': '482'
    'User-Agent': 'CosmosDBPythonQuickstart azsdk-python-cosmos/4.3.1 Python/3.11.8 (Linux-5.15.146.1-microsoft-standard-WSL2-x86_64-with-glibc2.35)'
A body is sent with the request
2024-04-17 00:29:19,649 - INFO - Response status: 201
Response headers:
    'Cache-Control': 'no-store, no-cache'
    'Pragma': 'REDACTED'
    'Transfer-Encoding': 'chunked'
    'Content-Type': 'application/json'
    'Server': 'Microsoft-HTTPAPI/2.0'
    'Strict-Transport-Security': 'max-age=31536000'
    'x-ms-activity-id': 'f48bde8f-f65c-40bd-9c96-e3cd08a946d2'
    'x-ms-last-state-change-utc': 'Tue, 16 Apr 2024 21:05:08.442 GMT'
    'etag': '"0000a42d-0000-5600-0000-661efbbe0000"'
    'x-ms-resource-quota': 'REDACTED'
    'x-ms-resource-usage': 'REDACTED'
    'x-ms-schemaversion': '1.17'
    'lsn': '4'
    'x-ms-request-charge': '13.14'
    'x-ms-alt-content-path': 'dbs/ToDoList/colls/Items'
    'x-ms-content-path': 'REDACTED'
    'x-ms-quorum-acked-lsn': '3'
    'x-ms-current-write-quorum': '3'
    'x-ms-current-replica-set-size': '4'
    'x-ms-documentdb-partitionkeyrangeid': '0'
    'x-ms-xp-role': '1'
    'x-ms-global-Committed-lsn': '3'
    'x-ms-number-of-read-regions': '0'
    'x-ms-transport-request-id': '5054'
    'x-ms-cosmos-llsn': '4'
    'x-ms-cosmos-quorum-acked-llsn': '3'
    'x-ms-session-token': '0:-1#4'
    'x-ms-request-duration-ms': '3.599'
    'x-ms-serviceversion': 'version=2.14.0.0'
    'x-ms-cosmos-physical-partition-id': 'REDACTED'
    'x-ms-gatewayversion': 'version=2.14.0'
    'Date': 'Tue, 16 Apr 2024 22:29:18 GMT'
2024-04-17 00:29:19,649 - INFO - Elapsed time in seconds: 0.029088497161865234
2024-04-17 00:29:19,649 - INFO - 
Reading all items in a container

2024-04-17 00:29:19,650 - INFO - Request URL: 'https://260025lab6-polandcentral.documents.azure.com:443/dbs/ToDoList/colls/Items/docs/'
Request method: 'GET'
Request headers:
    'Cache-Control': 'no-cache'
    'x-ms-version': '2018-12-31'
    'x-ms-documentdb-query-iscontinuationexpected': 'False'
    'x-ms-consistency-level': 'Session'
    'x-ms-max-item-count': '10'
    'x-ms-session-token': '0:-1#4'
    'x-ms-date': 'Tue, 16 Apr 2024 22:29:19 GMT'
    'authorization': 'REDACTED'
    'Accept': 'application/json'
    'Content-Length': '0'
    'User-Agent': 'CosmosDBPythonQuickstart azsdk-python-cosmos/4.3.1 Python/3.11.8 (Linux-5.15.146.1-microsoft-standard-WSL2-x86_64-with-glibc2.35)'
No body was attached to the request
2024-04-17 00:29:19,693 - INFO - Response status: 200
Response headers:
    'Cache-Control': 'no-store, no-cache'
    'Pragma': 'REDACTED'
    'Transfer-Encoding': 'chunked'
    'Content-Type': 'application/json'
    'Content-Location': 'https://260025lab6-polandcentral.documents.azure.com/dbs/ToDoList/colls/Items/docs/'
    'Server': 'Microsoft-HTTPAPI/2.0'
    'Strict-Transport-Security': 'max-age=31536000'
    'x-ms-activity-id': '0d34ed08-173a-407b-be53-3de6108ca9b7'
    'x-ms-last-state-change-utc': 'Tue, 16 Apr 2024 21:05:32.459 GMT'
    'x-ms-resource-quota': 'REDACTED'
    'x-ms-resource-usage': 'REDACTED'
    'x-ms-schemaversion': '1.17'
    'lsn': '4'
    'x-ms-item-count': '3'
    'x-ms-request-charge': '1'
    'x-ms-alt-content-path': 'dbs/ToDoList/colls/Items'
    'x-ms-content-path': 'REDACTED'
    'x-ms-documentdb-partitionkeyrangeid': '0'
    'x-ms-xp-role': '1'
    'x-ms-global-Committed-lsn': '4'
    'x-ms-number-of-read-regions': '0'
    'x-ms-transport-request-id': '136'
    'x-ms-cosmos-llsn': '4'
    'x-ms-session-token': '0:-1#4'
    'x-ms-request-duration-ms': '20.863'
    'x-ms-serviceversion': 'version=2.14.0.0'
    'x-ms-cosmos-physical-partition-id': 'REDACTED'
    'x-ms-gatewayversion': 'version=2.14.0'
    'Date': 'Tue, 16 Apr 2024 22:29:18 GMT'
2024-04-17 00:29:19,693 - INFO - Elapsed time in seconds: 0.04307150840759277
2024-04-17 00:29:19,693 - INFO - Found 3 items
2024-04-17 00:29:19,693 - INFO - Item Id: SalesOrder1
2024-04-17 00:29:19,693 - INFO - Item Id: SalesOrder2
2024-04-17 00:29:19,693 - INFO - Item Id: SalesOrder3
2024-04-17 00:29:19,693 - INFO - 
Reading Item by Id

2024-04-17 00:29:19,693 - INFO - Request URL: 'https://260025lab6-polandcentral.documents.azure.com:443/dbs/ToDoList/colls/Items/docs/SalesOrder1/'
Request method: 'GET'
Request headers:
    'Cache-Control': 'no-cache'
    'x-ms-version': '2018-12-31'
    'x-ms-documentdb-query-iscontinuationexpected': 'False'
    'x-ms-consistency-level': 'Session'
    'x-ms-session-token': '0:-1#4'
    'x-ms-documentdb-partitionkey': '["Account1"]'
    'x-ms-date': 'Tue, 16 Apr 2024 22:29:19 GMT'
    'authorization': 'REDACTED'
    'Accept': 'application/json'
    'Content-Length': '0'
    'User-Agent': 'CosmosDBPythonQuickstart azsdk-python-cosmos/4.3.1 Python/3.11.8 (Linux-5.15.146.1-microsoft-standard-WSL2-x86_64-with-glibc2.35)'
No body was attached to the request
2024-04-17 00:29:19,739 - INFO - Response status: 200
Response headers:
    'Cache-Control': 'no-store, no-cache'
    'Pragma': 'REDACTED'
    'Transfer-Encoding': 'chunked'
    'Content-Type': 'application/json'
    'Content-Location': 'https://260025lab6-polandcentral.documents.azure.com/dbs/ToDoList/colls/Items/docs/SalesOrder1/'
    'Server': 'Microsoft-HTTPAPI/2.0'
    'Strict-Transport-Security': 'max-age=31536000'
    'x-ms-activity-id': '0d513ff9-dbca-4d82-b18e-d6ebc311d45a'
    'x-ms-last-state-change-utc': 'Tue, 16 Apr 2024 21:05:08.442 GMT'
    'etag': '"0000a22d-0000-5600-0000-661efbbe0000"'
    'x-ms-resource-quota': 'REDACTED'
    'x-ms-resource-usage': 'REDACTED'
    'x-ms-schemaversion': '1.17'
    'lsn': '4'
    'x-ms-request-charge': '1'
    'x-ms-alt-content-path': 'dbs/ToDoList/colls/Items'
    'x-ms-content-path': 'REDACTED'
    'x-ms-quorum-acked-lsn': '4'
    'x-ms-current-write-quorum': '3'
    'x-ms-current-replica-set-size': '4'
    'x-ms-documentdb-partitionkeyrangeid': '0'
    'x-ms-xp-role': '1'
    'x-ms-global-Committed-lsn': '4'
    'x-ms-number-of-read-regions': '0'
    'x-ms-item-lsn': 'REDACTED'
    'x-ms-transport-request-id': '5055'
    'x-ms-cosmos-llsn': '4'
    'x-ms-cosmos-quorum-acked-llsn': '4'
    'x-ms-cosmos-item-llsn': 'REDACTED'
    'x-ms-session-token': '0:-1#4'
    'x-ms-request-duration-ms': '21.478'
    'x-ms-serviceversion': 'version=2.14.0.0'
    'x-ms-cosmos-physical-partition-id': 'REDACTED'
    'x-ms-gatewayversion': 'version=2.14.0'
    'Date': 'Tue, 16 Apr 2024 22:29:18 GMT'
2024-04-17 00:29:19,739 - INFO - Elapsed time in seconds: 0.045968055725097656
2024-04-17 00:29:19,739 - INFO - Item read by Id SalesOrder1
2024-04-17 00:29:19,739 - INFO - Partition Key: Account1
2024-04-17 00:29:19,739 - INFO - Subtotal: 419.4589
2024-04-17 00:29:19,739 - INFO - 
Querying for an  Item by Partition Key

2024-04-17 00:29:19,740 - INFO - Request URL: 'https://260025lab6-polandcentral.documents.azure.com:443/dbs/ToDoList/colls/Items/docs/'
Request method: 'POST'
Request headers:
    'Cache-Control': 'no-cache'
    'x-ms-version': '2018-12-31'
    'x-ms-documentdb-query-iscontinuationexpected': 'False'
    'x-ms-consistency-level': 'Session'
    'x-ms-documentdb-isquery': 'true'
    'Content-Type': 'application/query+json'
    'x-ms-session-token': '0:-1#4'
    'x-ms-date': 'Tue, 16 Apr 2024 22:29:19 GMT'
    'authorization': 'REDACTED'
    'Accept': 'application/json'
    'x-ms-cosmos-correlated-activityid': '3c326b42-8a51-4399-97f4-98137d84453d'
    'Content-Length': '125'
    'User-Agent': 'CosmosDBPythonQuickstart azsdk-python-cosmos/4.3.1 Python/3.11.8 (Linux-5.15.146.1-microsoft-standard-WSL2-x86_64-with-glibc2.35)'
A body is sent with the request
2024-04-17 00:29:19,785 - INFO - Response status: 200
Response headers:
    'Cache-Control': 'no-store, no-cache'
    'Pragma': 'REDACTED'
    'Transfer-Encoding': 'chunked'
    'Content-Type': 'application/json'
    'Server': 'Microsoft-HTTPAPI/2.0'
    'Strict-Transport-Security': 'max-age=31536000'
    'x-ms-activity-id': 'fb589c08-ac99-4b53-9974-74e96f8c0d65'
    'x-ms-last-state-change-utc': 'Tue, 16 Apr 2024 21:05:17.858 GMT'
    'x-ms-resource-quota': 'REDACTED'
    'x-ms-resource-usage': 'REDACTED'
    'x-ms-schemaversion': '1.17'
    'lsn': '4'
    'x-ms-item-count': '1'
    'x-ms-request-charge': '2.83'
    'x-ms-alt-content-path': 'dbs/ToDoList/colls/Items'
    'x-ms-content-path': 'REDACTED'
    'x-ms-documentdb-partitionkeyrangeid': '0'
    'x-ms-xp-role': '2'
    'x-ms-cosmos-query-execution-info': 'REDACTED'
    'x-ms-global-Committed-lsn': '4'
    'x-ms-number-of-read-regions': '0'
    'x-ms-transport-request-id': '119'
    'x-ms-cosmos-llsn': '4'
    'x-ms-session-token': '0:-1#4'
    'x-ms-request-duration-ms': '21.11'
    'x-ms-serviceversion': 'version=2.14.0.0'
    'x-ms-cosmos-is-partition-key-delete-pending': 'REDACTED'
    'x-ms-cosmos-physical-partition-id': 'REDACTED'
    'x-ms-gatewayversion': 'version=2.14.0'
    'Date': 'Tue, 16 Apr 2024 22:29:18 GMT'
2024-04-17 00:29:19,785 - INFO - Elapsed time in seconds: 0.04523205757141113
2024-04-17 00:29:19,785 - INFO - Item queried by Partition Key SalesOrder1
2024-04-17 00:29:19,785 - INFO - 
Replace an Item

2024-04-17 00:29:19,786 - INFO - Request URL: 'https://260025lab6-polandcentral.documents.azure.com:443/dbs/ToDoList/colls/Items/docs/SalesOrder1/'
Request method: 'GET'
Request headers:
    'Cache-Control': 'no-cache'
    'x-ms-version': '2018-12-31'
    'x-ms-documentdb-query-iscontinuationexpected': 'False'
    'x-ms-consistency-level': 'Session'
    'x-ms-session-token': '0:-1#4'
    'x-ms-documentdb-partitionkey': '["Account1"]'
    'x-ms-date': 'Tue, 16 Apr 2024 22:29:19 GMT'
    'authorization': 'REDACTED'
    'Accept': 'application/json'
    'Content-Length': '0'
    'User-Agent': 'CosmosDBPythonQuickstart azsdk-python-cosmos/4.3.1 Python/3.11.8 (Linux-5.15.146.1-microsoft-standard-WSL2-x86_64-with-glibc2.35)'
No body was attached to the request
2024-04-17 00:29:19,829 - INFO - Response status: 200
Response headers:
    'Cache-Control': 'no-store, no-cache'
    'Pragma': 'REDACTED'
    'Transfer-Encoding': 'chunked'
    'Content-Type': 'application/json'
    'Content-Location': 'https://260025lab6-polandcentral.documents.azure.com/dbs/ToDoList/colls/Items/docs/SalesOrder1/'
    'Server': 'Microsoft-HTTPAPI/2.0'
    'Strict-Transport-Security': 'max-age=31536000'
    'x-ms-activity-id': '7490f678-0595-4d6d-857b-37da5e3b1012'
    'x-ms-last-state-change-utc': 'Tue, 16 Apr 2024 21:05:17.835 GMT'
    'etag': '"0000a22d-0000-5600-0000-661efbbe0000"'
    'x-ms-resource-quota': 'REDACTED'
    'x-ms-resource-usage': 'REDACTED'
    'x-ms-schemaversion': '1.17'
    'lsn': '4'
    'x-ms-request-charge': '1'
    'x-ms-alt-content-path': 'dbs/ToDoList/colls/Items'
    'x-ms-content-path': 'REDACTED'
    'x-ms-documentdb-partitionkeyrangeid': '0'
    'x-ms-xp-role': '1'
    'x-ms-global-Committed-lsn': '4'
    'x-ms-number-of-read-regions': '0'
    'x-ms-item-lsn': 'REDACTED'
    'x-ms-transport-request-id': '18958'
    'x-ms-cosmos-llsn': '4'
    'x-ms-cosmos-item-llsn': 'REDACTED'
    'x-ms-session-token': '0:-1#4'
    'x-ms-request-duration-ms': '20.335'
    'x-ms-serviceversion': 'version=2.14.0.0'
    'x-ms-cosmos-physical-partition-id': 'REDACTED'
    'x-ms-gatewayversion': 'version=2.14.0'
    'Date': 'Tue, 16 Apr 2024 22:29:18 GMT'
2024-04-17 00:29:19,830 - INFO - Elapsed time in seconds: 0.04369211196899414
2024-04-17 00:29:19,830 - INFO - Request URL: 'https://260025lab6-polandcentral.documents.azure.com:443/dbs/ifp6AA==/colls/ifp6AIq3kf8=/'
Request method: 'GET'
Request headers:
    'Cache-Control': 'no-cache'
    'x-ms-version': '2018-12-31'
    'x-ms-documentdb-query-iscontinuationexpected': 'False'
    'x-ms-consistency-level': 'Session'
    'x-ms-date': 'Tue, 16 Apr 2024 22:29:19 GMT'
    'authorization': 'REDACTED'
    'Accept': 'application/json'
    'Content-Length': '0'
    'User-Agent': 'CosmosDBPythonQuickstart azsdk-python-cosmos/4.3.1 Python/3.11.8 (Linux-5.15.146.1-microsoft-standard-WSL2-x86_64-with-glibc2.35)'
No body was attached to the request
2024-04-17 00:29:19,876 - INFO - Response status: 200
Response headers:
    'Cache-Control': 'no-store, no-cache'
    'Pragma': 'REDACTED'
    'Transfer-Encoding': 'chunked'
    'Content-Type': 'application/json'
    'Content-Location': 'https://260025lab6-polandcentral.documents.azure.com/dbs/ifp6AA==/colls/ifp6AIq3kf8=/'
    'Server': 'Microsoft-HTTPAPI/2.0'
    'Strict-Transport-Security': 'max-age=31536000'
    'x-ms-activity-id': '99114bd6-2707-4834-a74b-43c9c6aee358'
    'x-ms-last-state-change-utc': 'Tue, 16 Apr 2024 21:05:32.459 GMT'
    'etag': '"0000ed04-0000-5600-0000-661efbbe0000"'
    'x-ms-schemaversion': '1.17'
    'collection-partition-index': 'REDACTED'
    'collection-service-index': 'REDACTED'
    'lsn': '4'
    'x-ms-request-charge': '2'
    'x-ms-alt-content-path': 'dbs/ToDoList'
    'x-ms-documentdb-partitionkeyrangeid': '0'
    'x-ms-xp-role': '1'
    'x-ms-global-Committed-lsn': '4'
    'x-ms-number-of-read-regions': '0'
    'x-ms-item-lsn': 'REDACTED'
    'x-ms-transport-request-id': '137'
    'x-ms-cosmos-llsn': '4'
    'x-ms-cosmos-item-llsn': 'REDACTED'
    'x-ms-session-token': '0:-1#4'
    'x-ms-request-duration-ms': '21.213'
    'x-ms-serviceversion': 'version=2.14.0.0'
    'x-ms-cosmos-physical-partition-id': 'REDACTED'
    'x-ms-cosmos-max-content-length': 'REDACTED'
    'x-ms-gatewayversion': 'version=2.14.0'
    'Date': 'Tue, 16 Apr 2024 22:29:18 GMT'
2024-04-17 00:29:19,876 - INFO - Elapsed time in seconds: 0.04598546028137207
2024-04-17 00:29:19,876 - INFO - Request URL: 'https://260025lab6-polandcentral.documents.azure.com:443/dbs/ifp6AA==/colls/ifp6AIq3kf8=/docs/ifp6AIq3kf8BAAAAAAAAAA==/'
Request method: 'PUT'
Request headers:
    'Cache-Control': 'no-cache'
    'x-ms-version': '2018-12-31'
    'x-ms-documentdb-query-iscontinuationexpected': 'False'
    'x-ms-consistency-level': 'Session'
    'x-ms-session-token': '0:-1#4'
    'x-ms-documentdb-partitionkey': '["Account1"]'
    'x-ms-date': 'Tue, 16 Apr 2024 22:29:19 GMT'
    'authorization': 'REDACTED'
    'Content-Type': 'application/json'
    'Accept': 'application/json'
    'Content-Length': '512'
    'User-Agent': 'CosmosDBPythonQuickstart azsdk-python-cosmos/4.3.1 Python/3.11.8 (Linux-5.15.146.1-microsoft-standard-WSL2-x86_64-with-glibc2.35)'
A body is sent with the request
2024-04-17 00:29:19,907 - INFO - Response status: 200
Response headers:
    'Cache-Control': 'no-store, no-cache'
    'Pragma': 'REDACTED'
    'Transfer-Encoding': 'chunked'
    'Content-Type': 'application/json'
    'Content-Location': 'https://260025lab6-polandcentral.documents.azure.com/dbs/ifp6AA==/colls/ifp6AIq3kf8=/docs/ifp6AIq3kf8BAAAAAAAAAA==/'
    'Server': 'Microsoft-HTTPAPI/2.0'
    'Strict-Transport-Security': 'max-age=31536000'
    'x-ms-activity-id': '77df88c6-e200-4e84-93fd-565a3b43561a'
    'x-ms-last-state-change-utc': 'Tue, 16 Apr 2024 21:05:08.442 GMT'
    'etag': '"0000a52d-0000-5600-0000-661efbbe0000"'
    'x-ms-resource-quota': 'REDACTED'
    'x-ms-resource-usage': 'REDACTED'
    'x-ms-schemaversion': '1.17'
    'lsn': '5'
    'x-ms-request-charge': '10.67'
    'x-ms-alt-content-path': 'dbs/ToDoList/colls/Items'
    'x-ms-quorum-acked-lsn': '4'
    'x-ms-current-write-quorum': '3'
    'x-ms-current-replica-set-size': '4'
    'x-ms-documentdb-partitionkeyrangeid': '0'
    'x-ms-xp-role': '1'
    'x-ms-global-Committed-lsn': '4'
    'x-ms-number-of-read-regions': '0'
    'x-ms-transport-request-id': '5056'
    'x-ms-cosmos-llsn': '5'
    'x-ms-cosmos-quorum-acked-llsn': '4'
    'x-ms-session-token': '0:-1#5'
    'x-ms-request-duration-ms': '5.793'
    'x-ms-serviceversion': 'version=2.14.0.0'
    'x-ms-cosmos-physical-partition-id': 'REDACTED'
    'x-ms-gatewayversion': 'version=2.14.0'
    'Date': 'Tue, 16 Apr 2024 22:29:18 GMT'
2024-04-17 00:29:19,907 - INFO - Elapsed time in seconds: 0.030397653579711914
2024-04-17 00:29:19,907 - INFO - Replaced Item's Id is SalesOrder1, new subtotal=420.4589
2024-04-17 00:29:19,907 - INFO - 
Upserting an item

2024-04-17 00:29:19,908 - INFO - Request URL: 'https://260025lab6-polandcentral.documents.azure.com:443/dbs/ToDoList/colls/Items/docs/SalesOrder1/'
Request method: 'GET'
Request headers:
    'Cache-Control': 'no-cache'
    'x-ms-version': '2018-12-31'
    'x-ms-documentdb-query-iscontinuationexpected': 'False'
    'x-ms-consistency-level': 'Session'
    'x-ms-session-token': '0:-1#5'
    'x-ms-documentdb-partitionkey': '["Account1"]'
    'x-ms-date': 'Tue, 16 Apr 2024 22:29:19 GMT'
    'authorization': 'REDACTED'
    'Accept': 'application/json'
    'Content-Length': '0'
    'User-Agent': 'CosmosDBPythonQuickstart azsdk-python-cosmos/4.3.1 Python/3.11.8 (Linux-5.15.146.1-microsoft-standard-WSL2-x86_64-with-glibc2.35)'
No body was attached to the request
2024-04-17 00:29:19,955 - INFO - Response status: 200
Response headers:
    'Cache-Control': 'no-store, no-cache'
    'Pragma': 'REDACTED'
    'Transfer-Encoding': 'chunked'
    'Content-Type': 'application/json'
    'Content-Location': 'https://260025lab6-polandcentral.documents.azure.com/dbs/ToDoList/colls/Items/docs/SalesOrder1/'
    'Server': 'Microsoft-HTTPAPI/2.0'
    'Strict-Transport-Security': 'max-age=31536000'
    'x-ms-activity-id': 'f8e108da-13eb-4470-84a8-fa392ec1f844'
    'x-ms-last-state-change-utc': 'Tue, 16 Apr 2024 21:05:32.459 GMT'
    'etag': '"0000a52d-0000-5600-0000-661efbbe0000"'
    'x-ms-resource-quota': 'REDACTED'
    'x-ms-resource-usage': 'REDACTED'
    'x-ms-schemaversion': '1.17'
    'lsn': '5'
    'x-ms-request-charge': '1'
    'x-ms-alt-content-path': 'dbs/ToDoList/colls/Items'
    'x-ms-content-path': 'REDACTED'
    'x-ms-documentdb-partitionkeyrangeid': '0'
    'x-ms-xp-role': '1'
    'x-ms-global-Committed-lsn': '5'
    'x-ms-number-of-read-regions': '0'
    'x-ms-item-lsn': 'REDACTED'
    'x-ms-transport-request-id': '138'
    'x-ms-cosmos-llsn': '5'
    'x-ms-cosmos-item-llsn': 'REDACTED'
    'x-ms-session-token': '0:-1#5'
    'x-ms-request-duration-ms': '21.281'
    'x-ms-serviceversion': 'version=2.14.0.0'
    'x-ms-cosmos-physical-partition-id': 'REDACTED'
    'x-ms-gatewayversion': 'version=2.14.0'
    'Date': 'Tue, 16 Apr 2024 22:29:18 GMT'
2024-04-17 00:29:19,955 - INFO - Elapsed time in seconds: 0.04745316505432129
2024-04-17 00:29:19,955 - INFO - Request URL: 'https://260025lab6-polandcentral.documents.azure.com:443/dbs/ToDoList/colls/Items/docs/'
Request method: 'POST'
Request headers:
    'Cache-Control': 'no-cache'
    'x-ms-version': '2018-12-31'
    'x-ms-documentdb-query-iscontinuationexpected': 'False'
    'x-ms-consistency-level': 'Session'
    'x-ms-session-token': '0:-1#5'
    'x-ms-documentdb-partitionkey': '["Account1"]'
    'x-ms-date': 'Tue, 16 Apr 2024 22:29:19 GMT'
    'authorization': 'REDACTED'
    'Content-Type': 'application/json'
    'Accept': 'application/json'
    'x-ms-documentdb-is-upsert': 'True'
    'Content-Length': '512'
    'User-Agent': 'CosmosDBPythonQuickstart azsdk-python-cosmos/4.3.1 Python/3.11.8 (Linux-5.15.146.1-microsoft-standard-WSL2-x86_64-with-glibc2.35)'
A body is sent with the request
2024-04-17 00:29:19,984 - INFO - Response status: 200
Response headers:
    'Cache-Control': 'no-store, no-cache'
    'Pragma': 'REDACTED'
    'Transfer-Encoding': 'chunked'
    'Content-Type': 'application/json'
    'Server': 'Microsoft-HTTPAPI/2.0'
    'Strict-Transport-Security': 'max-age=31536000'
    'x-ms-activity-id': 'a02ab715-963c-42d9-9d35-45d5e43b66b1'
    'x-ms-last-state-change-utc': 'Tue, 16 Apr 2024 21:05:08.442 GMT'
    'etag': '"0000a62d-0000-5600-0000-661efbbe0000"'
    'x-ms-resource-quota': 'REDACTED'
    'x-ms-resource-usage': 'REDACTED'
    'x-ms-schemaversion': '1.17'
    'lsn': '6'
    'x-ms-request-charge': '10.67'
    'x-ms-alt-content-path': 'dbs/ToDoList/colls/Items'
    'x-ms-content-path': 'REDACTED'
    'x-ms-quorum-acked-lsn': '5'
    'x-ms-current-write-quorum': '3'
    'x-ms-current-replica-set-size': '4'
    'x-ms-documentdb-partitionkeyrangeid': '0'
    'x-ms-xp-role': '1'
    'x-ms-global-Committed-lsn': '5'
    'x-ms-number-of-read-regions': '0'
    'x-ms-transport-request-id': '5057'
    'x-ms-cosmos-llsn': '6'
    'x-ms-cosmos-quorum-acked-llsn': '5'
    'x-ms-session-token': '0:-1#6'
    'x-ms-request-duration-ms': '4.816'
    'x-ms-serviceversion': 'version=2.14.0.0'
    'x-ms-cosmos-physical-partition-id': 'REDACTED'
    'x-ms-gatewayversion': 'version=2.14.0'
    'Date': 'Tue, 16 Apr 2024 22:29:18 GMT'
2024-04-17 00:29:19,984 - INFO - Elapsed time in seconds: 0.028378725051879883
2024-04-17 00:29:19,984 - INFO - Upserted Item's Id is SalesOrder1, new subtotal=421.4589
2024-04-17 00:29:19,984 - INFO - 
Deleting Item by Id

2024-04-17 00:29:19,984 - INFO - Request URL: 'https://260025lab6-polandcentral.documents.azure.com:443/dbs/ToDoList/colls/Items/docs/SalesOrder1/'
Request method: 'DELETE'
Request headers:
    'Cache-Control': 'no-cache'
    'x-ms-version': '2018-12-31'
    'x-ms-documentdb-query-iscontinuationexpected': 'False'
    'x-ms-consistency-level': 'Session'
    'x-ms-session-token': '0:-1#6'
    'x-ms-documentdb-partitionkey': '["Account1"]'
    'x-ms-date': 'Tue, 16 Apr 2024 22:29:19 GMT'
    'authorization': 'REDACTED'
    'Accept': 'application/json'
    'Content-Length': '0'
    'User-Agent': 'CosmosDBPythonQuickstart azsdk-python-cosmos/4.3.1 Python/3.11.8 (Linux-5.15.146.1-microsoft-standard-WSL2-x86_64-with-glibc2.35)'
No body was attached to the request
2024-04-17 00:29:20,013 - INFO - Response status: 204
Response headers:
    'Cache-Control': 'no-store, no-cache'
    'Pragma': 'REDACTED'
    'Content-Length': '0'
    'Content-Type': 'application/json'
    'Content-Location': 'https://260025lab6-polandcentral.documents.azure.com/dbs/ToDoList/colls/Items/docs/SalesOrder1/'
    'Server': 'Microsoft-HTTPAPI/2.0'
    'Strict-Transport-Security': 'max-age=31536000'
    'x-ms-activity-id': '16882272-9317-440c-8a42-0b840bdad6e5'
    'x-ms-last-state-change-utc': 'Tue, 16 Apr 2024 21:05:08.442 GMT'
    'x-ms-resource-quota': 'REDACTED'
    'x-ms-resource-usage': 'REDACTED'
    'x-ms-schemaversion': '1.17'
    'lsn': '7'
    'x-ms-request-charge': '10.86'
    'x-ms-alt-content-path': 'dbs/ToDoList/colls/Items'
    'x-ms-content-path': 'REDACTED'
    'x-ms-quorum-acked-lsn': '6'
    'x-ms-current-write-quorum': '3'
    'x-ms-current-replica-set-size': '4'
    'x-ms-documentdb-partitionkeyrangeid': '0'
    'x-ms-xp-role': '1'
    'x-ms-global-Committed-lsn': '6'
    'x-ms-number-of-read-regions': '0'
    'x-ms-transport-request-id': '5058'
    'x-ms-cosmos-llsn': '7'
    'x-ms-cosmos-quorum-acked-llsn': '6'
    'x-ms-session-token': '0:-1#7'
    'x-ms-request-duration-ms': '4.171'
    'x-ms-serviceversion': 'version=2.14.0.0'
    'x-ms-cosmos-physical-partition-id': 'REDACTED'
    'x-ms-gatewayversion': 'version=2.14.0'
    'Date': 'Tue, 16 Apr 2024 22:29:18 GMT'
2024-04-17 00:29:20,013 - INFO - Elapsed time in seconds: 0.028502702713012695
2024-04-17 00:29:20,013 - INFO - Deleted item's Id is SalesOrder1
2024-04-17 00:29:20,014 - INFO - Request URL: 'https://260025lab6-polandcentral.documents.azure.com:443/dbs/ToDoList/'
Request method: 'DELETE'
Request headers:
    'Cache-Control': 'no-cache'
    'x-ms-version': '2018-12-31'
    'x-ms-documentdb-query-iscontinuationexpected': 'False'
    'x-ms-consistency-level': 'Session'
    'x-ms-date': 'Tue, 16 Apr 2024 22:29:20 GMT'
    'authorization': 'REDACTED'
    'Accept': 'application/json'
    'Content-Length': '0'
    'User-Agent': 'CosmosDBPythonQuickstart azsdk-python-cosmos/4.3.1 Python/3.11.8 (Linux-5.15.146.1-microsoft-standard-WSL2-x86_64-with-glibc2.35)'
No body was attached to the request
2024-04-17 00:29:20,147 - INFO - Response status: 204
Response headers:
    'Cache-Control': 'no-store, no-cache'
    'Pragma': 'REDACTED'
    'Content-Length': '0'
    'Content-Type': 'application/json'
    'Content-Location': 'https://260025lab6-polandcentral.documents.azure.com/dbs/ToDoList/'
    'Server': 'Microsoft-HTTPAPI/2.0'
    'Strict-Transport-Security': 'max-age=31536000'
    'x-ms-activity-id': '1dddca68-5a6c-4a8e-bad0-647652a29dc8'
    'x-ms-last-state-change-utc': 'Sun, 14 Apr 2024 12:55:09.444 GMT'
    'x-ms-resource-quota': 'REDACTED'
    'x-ms-resource-usage': 'REDACTED'
    'x-ms-schemaversion': '1.17'
    'lsn': '92'
    'x-ms-request-charge': '4.95'
    'x-ms-quorum-acked-lsn': '91'
    'x-ms-current-write-quorum': '3'
    'x-ms-current-replica-set-size': '4'
    'x-ms-xp-role': '1'
    'x-ms-global-Committed-lsn': '91'
    'x-ms-number-of-read-regions': '0'
    'x-ms-transport-request-id': '767925'
    'x-ms-cosmos-llsn': '92'
    'x-ms-cosmos-quorum-acked-llsn': '91'
    'x-ms-session-token': '0:-1#92'
    'x-ms-request-duration-ms': '24.794'
    'x-ms-serviceversion': 'version=2.14.0.0'
    'x-ms-gatewayversion': 'version=2.14.0'
    'Date': 'Tue, 16 Apr 2024 22:29:18 GMT'
2024-04-17 00:29:20,148 - INFO - Elapsed time in seconds: 0.13392376899719238
2024-04-17 00:29:20,148 - INFO - DB deleted
2024-04-17 00:29:20,148 - INFO - 
run_sample done
